[+] Loading gcc  11.3.0  ... 
[+] Loading HDF5  1.12.2 
[+] Loading netcdf  4.9.0 
[-] Unloading gcc  11.3.0  ... 
[+] Loading gcc  11.3.0  ... 
[+] Loading openmpi/4.1.3/gcc-11.3.0  ... 
[+] Loading pandoc  2.18  on cn2471 
[+] Loading pcre2  10.40 
[+] Loading R 4.3.2 
[INFO] Please allocate lscratch for batch/sinteractive R jobs
Loading required package: SeuratObject
Loading required package: sp

Attaching package: ‘SeuratObject’

The following object is masked from ‘package:base’:

    intersect

A375_SKIN_processed.rds 
BT474_BREAST_processed.rds 
COLO829_SKIN_processed.rds 
EFM192A_BREAST_processed.rds 
HCC827_LUNG_processed.rds 
HT29_LARGE_INTESTINE_processed.rds 
MMACSF_SKIN_processed.rds 
PC9_LUNG_processed.rds 
Warning message:
In asMethod(object) :
  sparse->dense coercion: allocating vector of size 2.5 GiB
Warning message:
In asMethod(object) :
  sparse->dense coercion: allocating vector of size 5.6 GiB
[1] 115386     52
Error in model.frame.default(formula = labels ~ ., data = train_data,  : 
  'data' must be a data.frame, not a matrix or an array
Calls: glm -> eval -> eval -> <Anonymous> -> model.frame.default
Execution halted
