[+] Loading gcc  11.3.0  ... 
[+] Loading HDF5  1.12.2 
[+] Loading netcdf  4.9.0 
[-] Unloading gcc  11.3.0  ... 
[+] Loading gcc  11.3.0  ... 
[+] Loading openmpi/4.1.3/gcc-11.3.0  ... 
[+] Loading pandoc  2.18  on cn0880 
[+] Loading pcre2  10.40 
[+] Loading R 4.2.2 
[INFO] Please allocate lscratch for batch/sinteractive R jobs
── Attaching core tidyverse packages ──────────────────────── tidyverse 2.0.0 ──
✔ dplyr     1.1.2     ✔ readr     2.1.4
✔ forcats   1.0.0     ✔ stringr   1.5.0
✔ ggplot2   3.4.2     ✔ tibble    3.2.1
✔ lubridate 1.9.2     ✔ tidyr     1.3.0
✔ purrr     1.0.1     
── Conflicts ────────────────────────────────────────── tidyverse_conflicts() ──
✖ dplyr::filter() masks stats::filter()
✖ dplyr::lag()    masks stats::lag()
ℹ Use the conflicted package (<http://conflicted.r-lib.org/>) to force all conflicts to become errors
Error in library(gt) : there is no package called ‘gt’
Execution halted
