[+] Loading gcc  11.3.0  ... 
[+] Loading HDF5  1.12.2 
[+] Loading netcdf  4.9.0 
[-] Unloading gcc  11.3.0  ... 
[+] Loading gcc  11.3.0  ... 
[+] Loading openmpi/4.1.3/gcc-11.3.0  ... 
[+] Loading pandoc  2.18  on cn2427 
[+] Loading pcre2  10.40 
[+] Loading R 4.3.2 
[INFO] Please allocate lscratch for batch/sinteractive R jobs
Loading required package: SeuratObject
Loading required package: sp

Attaching package: ‘SeuratObject’

The following object is masked from ‘package:base’:

    intersect

A375_SKIN_processed.rds 

Done!
Combining coefficients and standard errors
Calculating log-fold changes
Calculating likelihood ratio tests
Refitting on reduced model...

Done!
BT474_BREAST_processed.rds 
Error in WhichCells.Seurat(object = object, idents = ident.1) : 
  Cannot find the following identities in the object: cycling
Calls: FindMarkers ... FindMarkers.Seurat -> IdentsToCells -> WhichCells -> WhichCells.Seurat
Execution halted
