[+] Loading gcc  11.3.0  ... 
[+] Loading HDF5  1.12.2 
[+] Loading netcdf  4.9.0 
[-] Unloading gcc  11.3.0  ... 
[+] Loading gcc  11.3.0  ... 
[+] Loading openmpi/4.1.3/gcc-11.3.0  ... 
[+] Loading pandoc  2.18  on cn2425 
[+] Loading pcre2  10.40 
[+] Loading R 4.3.2 
── Attaching core tidyverse packages ──────────────────────── tidyverse 2.0.0 ──
✔ dplyr     1.1.4     ✔ readr     2.1.5
✔ forcats   1.0.0     ✔ stringr   1.5.1
✔ ggplot2   3.4.4     ✔ tibble    3.2.1
✔ lubridate 1.9.3     ✔ tidyr     1.3.0
✔ purrr     1.0.2     
── Conflicts ────────────────────────────────────────── tidyverse_conflicts() ──
✖ dplyr::filter() masks stats::filter()
✖ dplyr::lag()    masks stats::lag()
ℹ Use the conflicted package (<http://conflicted.r-lib.org/>) to force all conflicts to become errors
Error in AddMetaData(data, metadata = ifelse(data$Cluster %in% clusters_of_interest,  : 
  could not find function "AddMetaData"
Execution halted
