[+] Loading gcc  11.3.0  ... 
[+] Loading HDF5  1.12.2 
[+] Loading netcdf  4.9.0 
[-] Unloading gcc  11.3.0  ... 
[+] Loading gcc  11.3.0  ... 
[+] Loading openmpi/4.1.3/gcc-11.3.0  ... 
[+] Loading pandoc  2.18  on cn4306 
[+] Loading pcre2  10.40 
[+] Loading R 4.3.2 
[INFO] Please allocate lscratch for batch/sinteractive R jobs
Loading required package: SeuratObject
Loading required package: sp

Attaching package: ‘SeuratObject’

The following object is masked from ‘package:base’:

    intersect

── Attaching core tidyverse packages ──────────────────────── tidyverse 2.0.0 ──
✔ dplyr     1.1.4     ✔ readr     2.1.5
✔ forcats   1.0.0     ✔ stringr   1.5.1
✔ ggplot2   3.4.4     ✔ tibble    3.2.1
✔ lubridate 1.9.3     ✔ tidyr     1.3.0
✔ purrr     1.0.2     
── Conflicts ────────────────────────────────────────── tidyverse_conflicts() ──
✖ dplyr::filter() masks stats::filter()
✖ dplyr::lag()    masks stats::lag()
ℹ Use the conflicted package (<http://conflicted.r-lib.org/>) to force all conflicts to become errors
Loading required package: grid
========================================
ComplexHeatmap version 2.18.0
Bioconductor page: http://bioconductor.org/packages/ComplexHeatmap/
Github page: https://github.com/jokergoo/ComplexHeatmap
Documentation: http://jokergoo.github.io/ComplexHeatmap-reference

If you use it in published research, please cite either one:
- Gu, Z. Complex Heatmap Visualization. iMeta 2022.
- Gu, Z. Complex heatmaps reveal patterns and correlations in multidimensional 
    genomic data. Bioinformatics 2016.


The new InteractiveComplexHeatmap package can directly export static 
complex heatmaps into an interactive Shiny app with zero effort. Have a try!

This message can be suppressed by:
  suppressPackageStartupMessages(library(ComplexHeatmap))
========================================

========================================
circlize version 0.4.15
CRAN page: https://cran.r-project.org/package=circlize
Github page: https://github.com/jokergoo/circlize
Documentation: https://jokergoo.github.io/circlize_book/book/

If you use it in published research, please cite:
Gu, Z. circlize implements and enhances circular visualization
  in R. Bioinformatics 2014.

This message can be suppressed by:
  suppressPackageStartupMessages(library(circlize))
========================================


clusterProfiler v4.10.0  For help: https://yulab-smu.top/biomedical-knowledge-mining-book/

If you use clusterProfiler in published research, please cite:
T Wu, E Hu, S Xu, M Chen, P Guo, Z Dai, T Feng, L Zhou, W Tang, L Zhan, X Fu, S Liu, X Bo, and G Yu. clusterProfiler 4.0: A universal enrichment tool for interpreting omics data. The Innovation. 2021, 2(3):100141

Attaching package: ‘clusterProfiler’

The following object is masked from ‘package:purrr’:

    simplify

The following object is masked from ‘package:stats’:

    filter


Attaching package: ‘data.table’

The following objects are masked from ‘package:lubridate’:

    hour, isoweek, mday, minute, month, quarter, second, wday, week,
    yday, year

The following objects are masked from ‘package:dplyr’:

    between, first, last

The following object is masked from ‘package:purrr’:

    transpose

A549 
K562 
MCF7 
1 
A549 
K562 
MCF7 
2 
A549 
K562 
MCF7 
3 
A549 
K562 
MCF7 
4 
A549 
K562 
MCF7 
5 
A549 
K562 
MCF7 
6 
A549 
K562 
MCF7 
7 
A549 
K562 
MCF7 
8 
A549 
K562 
MCF7 
9 
A549 
K562 
MCF7 
10 
A549 
K562 
MCF7 
11 
A549 
K562 
MCF7 
12 
A549 
K562 
MCF7 
13 
A549 
K562 
MCF7 
14 
A549 
K562 
MCF7 
15 
A549 
K562 
MCF7 
16 
A549 
K562 
MCF7 
17 
A549 
K562 
MCF7 
18 
A549 
K562 
MCF7 
19 
A549 
K562 
MCF7 
20 
A549 
K562 
MCF7 
21 
A549 
K562 
MCF7 
22 
A549 
K562 
MCF7 
23 
A549 
K562 
MCF7 
24 
A549 
K562 
MCF7 
25 
A549 
K562 
MCF7 
26 
A549 
K562 
MCF7 
27 
A549 
K562 
MCF7 
28 
A549 
K562 
MCF7 
29 
A549 
K562 
MCF7 
30 
A549 
K562 
MCF7 
31 
A549 
K562 
MCF7 
32 
A549 
K562 
MCF7 
33 
A549 
K562 
MCF7 
34 
A549 
K562 
MCF7 
35 
A549 
K562 
MCF7 
36 
A549 
K562 
MCF7 
37 
A549 
K562 
MCF7 
38 
A549 
K562 
MCF7 
39 
A549 
K562 
MCF7 
40 
A549 
K562 
MCF7 
41 
A549 
K562 
MCF7 
42 
A549 
K562 
MCF7 
43 
A549 
K562 
MCF7 
44 
A549 
K562 
MCF7 
45 
A549 
K562 
MCF7 
46 
A549 
K562 
MCF7 
47 
A549 
K562 
MCF7 
48 
A549 
K562 
MCF7 
49 
A549 
K562 
MCF7 
50 
A549 
K562 
MCF7 
51 
A549 
K562 
MCF7 
52 
A549 
K562 
MCF7 
53 
A549 
K562 
MCF7 
54 
A549 
K562 
MCF7 
55 
A549 
K562 
MCF7 
56 
A549 
K562 
MCF7 
57 
A549 
K562 
MCF7 
58 
A549 
K562 
MCF7 
59 
A549 
K562 
MCF7 
60 
A549 
K562 
MCF7 
61 
A549 
K562 
MCF7 
62 
A549 
K562 
MCF7 
63 
A549 
K562 
MCF7 
64 
A549 
K562 
MCF7 
65 
A549 
K562 
MCF7 
66 
A549 
K562 
MCF7 
67 
A549 
K562 
MCF7 
68 
A549 
K562 
MCF7 
69 
A549 
K562 
MCF7 
70 
A549 
K562 
MCF7 
71 
A549 
K562 
MCF7 
72 
A549 
K562 
MCF7 
73 
A549 
K562 
MCF7 
74 
A549 
K562 
MCF7 
75 
A549 
K562 
MCF7 
76 
A549 
K562 
MCF7 
77 
A549 
K562 
MCF7 
78 
A549 
K562 
MCF7 
79 
A549 
K562 
MCF7 
80 
A549 
K562 
MCF7 
81 
A549 
K562 
MCF7 
82 
A549 
K562 
MCF7 
83 
A549 
K562 
MCF7 
84 
A549 
K562 
MCF7 
85 
A549 
K562 
MCF7 
86 
A549 
K562 
MCF7 
87 
A549 
K562 
MCF7 
88 
A549 
K562 
MCF7 
89 
A549 
K562 
MCF7 
90 
A549 
K562 
MCF7 
91 
A549 
K562 
MCF7 
92 
A549 
K562 
MCF7 
93 
A549 
K562 
MCF7 
94 
A549 
K562 
MCF7 
95 
A549 
K562 
MCF7 
96 
A549 
K562 
MCF7 
97 
A549 
K562 
MCF7 
98 
A549 
K562 
MCF7 
99 
A549 
K562 
MCF7 
100 
A549 
K562 
MCF7 
101 
A549 
K562 
MCF7 
102 
A549 
K562 
MCF7 
103 
A549 
K562 
MCF7 
104 
A549 
K562 
MCF7 
105 
A549 
K562 
MCF7 
106 
A549 
K562 
MCF7 
107 
A549 
K562 
MCF7 
108 
A549 
K562 
MCF7 
109 
A549 
K562 
MCF7 
110 
A549 
K562 
MCF7 
111 
A549 
K562 
MCF7 
112 
A549 
K562 
MCF7 
113 
A549 
K562 
MCF7 
114 
A549 
K562 
MCF7 
115 
A549 
K562 
MCF7 
116 
A549 
K562 
MCF7 
117 
A549 
K562 
MCF7 
118 
A549 
K562 
MCF7 
119 
A549 
K562 
MCF7 
120 
A549 
K562 
MCF7 
121 
A549 
K562 
MCF7 
122 
A549 
K562 
MCF7 
123 
A549 
K562 
MCF7 
124 
A549 
K562 
MCF7 
125 
A549 
K562 
MCF7 
126 
A549 
K562 
MCF7 
127 
A549 
K562 
MCF7 
128 
A549 
K562 
MCF7 
129 
A549 
K562 
MCF7 
130 
A549 
K562 
MCF7 
131 
A549 
K562 
MCF7 
132 
A549 
K562 
MCF7 
133 
A549 
K562 
MCF7 
134 
A549 
K562 
MCF7 
135 
A549 
K562 
MCF7 
136 
A549 
K562 
MCF7 
137 
A549 
K562 
MCF7 
138 
A549 
K562 
MCF7 
139 
A549 
K562 
MCF7 
140 
A549 
K562 
MCF7 
141 
A549 
K562 
MCF7 
142 
A549 
K562 
MCF7 
143 
A549 
K562 
MCF7 
144 
A549 
K562 
MCF7 
145 
A549 
K562 
MCF7 
146 
A549 
K562 
MCF7 
147 
A549 
K562 
MCF7 
148 
A549 
K562 
MCF7 
149 
A549 
K562 
MCF7 
150 
A549 
K562 
MCF7 
151 
A549 
K562 
MCF7 
152 
A549 
K562 
MCF7 
153 
A549 
K562 
MCF7 
154 
A549 
K562 
MCF7 
155 
A549 
K562 
MCF7 
156 
A549 
K562 
MCF7 
157 
A549 
K562 
MCF7 
158 
A549 
K562 
MCF7 
159 
A549 
K562 
MCF7 
160 
A549 
K562 
MCF7 
161 
A549 
K562 
MCF7 
162 
A549 
K562 
MCF7 
163 
A549 
K562 
MCF7 
164 
A549 
K562 
MCF7 
165 
A549 
K562 
MCF7 
166 
A549 
K562 
MCF7 
167 
A549 
K562 
MCF7 
168 
A549 
K562 
MCF7 
169 
A549 
K562 
MCF7 
170 
A549 
K562 
MCF7 
171 
A549 
K562 
MCF7 
172 
A549 
K562 
MCF7 
173 
A549 
K562 
MCF7 
174 
A549 
K562 
MCF7 
175 
A549 
K562 
MCF7 
176 
A549 
K562 
MCF7 
177 
A549 
K562 
MCF7 
178 
A549 
K562 
MCF7 
179 
A549 
K562 
MCF7 
180 
A549 
K562 
MCF7 
181 
A549 
K562 
MCF7 
182 
A549 
K562 
MCF7 
183 
A549 
K562 
MCF7 
184 
A549 
K562 
MCF7 
185 
A549 
K562 
MCF7 
186 
A549 
K562 
MCF7 
187 
A549 
K562 
MCF7 
188 
A549 
K562 
MCF7 
189 
A549 
K562 
MCF7 
190 
A549 
K562 
MCF7 
191 
A549 
K562 
MCF7 
192 
A549 
K562 
MCF7 
193 
A549 
K562 
MCF7 
194 
A549 
K562 
MCF7 
195 
A549 
K562 
MCF7 
196 
A549 
K562 
MCF7 
197 
A549 
K562 
MCF7 
198 
A549 
K562 
MCF7 
199 
A549 
K562 
MCF7 
200 
A549 
K562 
MCF7 
201 
A549 
K562 
MCF7 
202 
A549 
K562 
MCF7 
203 
A549 
K562 
MCF7 
204 
A549 
K562 
MCF7 
205 
A549 
K562 
MCF7 
206 
A549 
K562 
MCF7 
207 
A549 
K562 
MCF7 
208 
A549 
K562 
MCF7 
209 
A549 
K562 
MCF7 
210 
A549 
K562 
MCF7 
211 
A549 
K562 
MCF7 
212 
A549 
K562 
MCF7 
213 
A549 
K562 
MCF7 
214 
A549 
K562 
MCF7 
215 
A549 
K562 
MCF7 
216 
A549 
K562 
MCF7 
217 
A549 
K562 
MCF7 
218 
A549 
K562 
MCF7 
219 
A549 
K562 
MCF7 
220 
A549 
K562 
MCF7 
221 
A549 
K562 
MCF7 
222 
A549 
K562 
MCF7 
223 
A549 
K562 
MCF7 
224 
A549 
K562 
MCF7 
225 
A549 
K562 
MCF7 
226 
A549 
K562 
MCF7 
227 
A549 
K562 
MCF7 
228 
A549 
K562 
MCF7 
229 
A549 
K562 
MCF7 
230 
A549 
K562 
MCF7 
231 
A549 
K562 
MCF7 
232 
A549 
K562 
MCF7 
233 
A549 
K562 
MCF7 
234 
A549 
K562 
MCF7 
235 
A549 
K562 
MCF7 
236 
A549 
K562 
MCF7 
237 
A549 
K562 
MCF7 
238 
A549 
K562 
MCF7 
239 
A549 
K562 
MCF7 
240 
A549 
K562 
MCF7 
241 
A549 
K562 
MCF7 
242 
A549 
K562 
MCF7 
243 
A549 
K562 
MCF7 
244 
A549 
K562 
MCF7 
245 
A549 
K562 
MCF7 
246 
A549 
K562 
MCF7 
247 
A549 
K562 
MCF7 
248 
A549 
K562 
MCF7 
249 
A549 
K562 
MCF7 
250 
A549 
K562 
MCF7 
251 
A549 
K562 
MCF7 
252 
A549 
K562 
MCF7 
253 
A549 
K562 
MCF7 
254 
A549 
K562 
MCF7 
255 
A549 
K562 
MCF7 
256 
A549 
K562 
MCF7 
257 
A549 
K562 
MCF7 
258 
A549 
K562 
MCF7 
259 
A549 
K562 
MCF7 
260 
A549 
K562 
MCF7 
261 
A549 
K562 
MCF7 
262 
A549 
K562 
MCF7 
263 
A549 
K562 
MCF7 
264 
A549 
K562 
MCF7 
265 
A549 
K562 
MCF7 
266 
A549 
K562 
MCF7 
267 
A549 
K562 
MCF7 
268 
A549 
K562 
MCF7 
269 
A549 
K562 
MCF7 
270 
A549 
K562 
MCF7 
271 
A549 
K562 
MCF7 
272 
A549 
K562 
MCF7 
273 
A549 
K562 
MCF7 
274 
A549 
K562 
MCF7 
275 
A549 
K562 
MCF7 
276 
A549 
K562 
MCF7 
277 
A549 
K562 
MCF7 
278 
A549 
K562 
MCF7 
279 
A549 
K562 
MCF7 
280 
A549 
K562 
MCF7 
281 
A549 
K562 
MCF7 
282 
A549 
K562 
MCF7 
283 
A549 
K562 
MCF7 
284 
A549 
K562 
MCF7 
285 
A549 
K562 
MCF7 
286 
A549 
K562 
MCF7 
287 
A549 
K562 
MCF7 
288 
A549 
K562 
MCF7 
289 
A549 
K562 
MCF7 
290 
A549 
K562 
MCF7 
291 
A549 
K562 
MCF7 
292 
A549 
K562 
MCF7 
293 
A549 
K562 
MCF7 
294 
A549 
K562 
MCF7 
295 
A549 
K562 
MCF7 
296 
A549 
K562 
MCF7 
297 
A549 
K562 
MCF7 
298 
A549 
K562 
MCF7 
299 
A549 
K562 
MCF7 
300 
A549 
K562 
MCF7 
301 
A549 
K562 
MCF7 
302 
A549 
K562 
MCF7 
303 
A549 
K562 
MCF7 
304 
A549 
K562 
MCF7 
305 
A549 
K562 
MCF7 
306 
A549 
K562 
MCF7 
307 
A549 
K562 
MCF7 
308 
A549 
K562 
MCF7 
309 
A549 
K562 
MCF7 
310 
A549 
K562 
MCF7 
311 
A549 
K562 
MCF7 
312 
A549 
K562 
MCF7 
313 
A549 
K562 
MCF7 
314 
A549 
K562 
MCF7 
315 
A549 
K562 
MCF7 
316 
A549 
K562 
MCF7 
317 
A549 
K562 
MCF7 
318 
A549 
K562 
MCF7 
319 
A549 
K562 
MCF7 
320 
A549 
K562 
MCF7 
321 
A549 
K562 
MCF7 
322 
A549 
K562 
MCF7 
323 
A549 
K562 
MCF7 
324 
A549 
K562 
MCF7 
325 
A549 
K562 
MCF7 
326 
A549 
K562 
MCF7 
327 
A549 
K562 
MCF7 
328 
A549 
K562 
MCF7 
329 
A549 
K562 
MCF7 
330 
A549 
K562 
MCF7 
331 
A549 
K562 
MCF7 
332 
A549 
K562 
MCF7 
333 
A549 
K562 
MCF7 
334 
A549 
K562 
MCF7 
335 
A549 
K562 
MCF7 
336 
A549 
K562 
MCF7 
337 
A549 
K562 
MCF7 
338 
A549 
K562 
MCF7 
339 
A549 
K562 
MCF7 
340 
A549 
K562 
MCF7 
341 
A549 
K562 
MCF7 
342 
A549 
K562 
MCF7 
343 
A549 
K562 
MCF7 
344 
A549 
K562 
MCF7 
345 
A549 
K562 
MCF7 
346 
A549 
K562 
MCF7 
347 
A549 
K562 
MCF7 
348 
A549 
K562 
MCF7 
349 
A549 
K562 
MCF7 
350 
A549 
K562 
MCF7 
351 
A549 
K562 
MCF7 
352 
A549 
K562 
MCF7 
353 
A549 
K562 
MCF7 
354 
A549 
K562 
MCF7 
355 
A549 
K562 
MCF7 
356 
A549 
K562 
MCF7 
357 
A549 
K562 
MCF7 
358 
A549 
K562 
MCF7 
359 
A549 
K562 
MCF7 
360 
A549 
K562 
MCF7 
361 
A549 
K562 
MCF7 
362 
A549 
K562 
MCF7 
363 
A549 
K562 
MCF7 
364 
A549 
K562 
MCF7 
365 
A549 
K562 
MCF7 
366 
A549 
K562 
MCF7 
367 
A549 
K562 
MCF7 
368 
A549 
K562 
MCF7 
369 
A549 
K562 
MCF7 
370 
A549 
K562 
MCF7 
371 
A549 
K562 
MCF7 
372 
A549 
K562 
MCF7 
373 
A549 
K562 
MCF7 
374 
A549 
K562 
MCF7 
375 
A549 
K562 
MCF7 
376 
A549 
K562 
MCF7 
377 
A549 
K562 
MCF7 
378 
A549 
K562 
MCF7 
379 
A549 
K562 
MCF7 
380 
A549 
K562 
MCF7 
381 
A549 
K562 
MCF7 
382 
A549 
K562 
MCF7 
383 
A549 
K562 
MCF7 
384 
A549 
K562 
MCF7 
385 
A549 
K562 
MCF7 
386 
A549 
K562 
MCF7 
387 
A549 
K562 
MCF7 
388 
A549 
K562 
MCF7 
389 
A549 
K562 
MCF7 
390 
A549 
K562 
MCF7 
391 
A549 
K562 
MCF7 
392 
A549 
K562 
MCF7 
393 
A549 
K562 
MCF7 
394 
A549 
K562 
MCF7 
395 
A549 
K562 
MCF7 
396 
A549 
K562 
MCF7 
397 
A549 
K562 
MCF7 
398 
A549 
K562 
MCF7 
399 
A549 
K562 
MCF7 
400 
A549 
K562 
MCF7 
401 
A549 
K562 
MCF7 
402 
A549 
K562 
MCF7 
403 
A549 
K562 
MCF7 
404 
A549 
K562 
MCF7 
405 
A549 
K562 
MCF7 
406 
A549 
K562 
MCF7 
407 
A549 
K562 
MCF7 
408 
A549 
K562 
MCF7 
409 
A549 
K562 
MCF7 
410 
A549 
K562 
MCF7 
411 
A549 
K562 
MCF7 
412 
A549 
K562 
MCF7 
413 
A549 
K562 
MCF7 
414 
A549 
K562 
MCF7 
415 
A549 
K562 
MCF7 
416 
A549 
K562 
MCF7 
417 
A549 
K562 
MCF7 
418 
A549 
K562 
MCF7 
419 
A549 
K562 
MCF7 
420 
A549 
K562 
MCF7 
421 
A549 
K562 
MCF7 
422 
A549 
K562 
MCF7 
423 
A549 
K562 
MCF7 
424 
A549 
K562 
MCF7 
425 
A549 
K562 
MCF7 
426 
A549 
K562 
MCF7 
427 
A549 
K562 
MCF7 
428 
A549 
K562 
MCF7 
429 
A549 
K562 
MCF7 
430 
A549 
K562 
MCF7 
431 
A549 
K562 
MCF7 
432 
A549 
K562 
MCF7 
433 
A549 
K562 
MCF7 
434 
A549 
K562 
MCF7 
435 
A549 
K562 
MCF7 
436 
A549 
K562 
MCF7 
437 
A549 
K562 
MCF7 
438 
A549 
K562 
MCF7 
439 
A549 
K562 
MCF7 
440 
A549 
K562 
MCF7 
441 
A549 
K562 
MCF7 
442 
A549 
K562 
MCF7 
443 
A549 
K562 
MCF7 
444 
A549 
K562 
MCF7 
445 
A549 
K562 
MCF7 
446 
A549 
K562 
MCF7 
447 
A549 
K562 
MCF7 
448 
A549 
K562 
MCF7 
449 
A549 
K562 
MCF7 
450 
A549 
K562 
MCF7 
451 
A549 
K562 
MCF7 
452 
A549 
K562 
MCF7 
453 
A549 
K562 
MCF7 
454 
A549 
K562 
MCF7 
455 
A549 
K562 
MCF7 
456 
A549 
K562 
MCF7 
457 
A549 
K562 
MCF7 
458 
A549 
K562 
MCF7 
459 
A549 
K562 
MCF7 
460 
A549 
K562 
MCF7 
461 
A549 
K562 
MCF7 
462 
A549 
K562 
MCF7 
463 
A549 
K562 
MCF7 
464 
A549 
K562 
MCF7 
465 
A549 
K562 
MCF7 
466 
A549 
K562 
MCF7 
467 
A549 
K562 
MCF7 
468 
A549 
K562 
MCF7 
469 
A549 
K562 
MCF7 
470 
A549 
K562 
MCF7 
471 
A549 
K562 
MCF7 
472 
A549 
K562 
MCF7 
473 
A549 
K562 
MCF7 
474 
A549 
K562 
MCF7 
475 
A549 
K562 
MCF7 
476 
A549 
K562 
MCF7 
477 
A549 
K562 
MCF7 
478 
A549 
K562 
MCF7 
479 
A549 
K562 
MCF7 
480 
A549 
K562 
MCF7 
481 
A549 
K562 
MCF7 
482 
A549 
K562 
MCF7 
483 
A549 
K562 
MCF7 
484 
A549 
K562 
MCF7 
485 
A549 
K562 
MCF7 
486 
A549 
K562 
MCF7 
487 
A549 
K562 
MCF7 
488 
A549 
K562 
MCF7 
489 
A549 
K562 
MCF7 
490 
A549 
K562 
MCF7 
491 
A549 
K562 
MCF7 
492 
A549 
K562 
MCF7 
493 
A549 
K562 
MCF7 
494 
A549 
K562 
MCF7 
495 
A549 
K562 
MCF7 
496 
A549 
K562 
MCF7 
497 
A549 
K562 
MCF7 
498 
A549 
K562 
MCF7 
499 
A549 
K562 
MCF7 
500 
A549 
K562 
MCF7 
