[+] Loading gcc  11.3.0  ... 
[+] Loading HDF5  1.12.2 
[+] Loading netcdf  4.9.0 
[-] Unloading gcc  11.3.0  ... 
[+] Loading gcc  11.3.0  ... 
[+] Loading openmpi/4.1.3/gcc-11.3.0  ... 
[+] Loading pandoc  2.18  on cn2421 
[+] Loading pcre2  10.40 
[+] Loading R 4.3.2 
[INFO] Please allocate lscratch for batch/sinteractive R jobs
Loading required package: Rcpp
Loading required package: data.table
Loading required package: SeuratObject
Loading required package: sp

Attaching package: ‘SeuratObject’

The following object is masked from ‘package:base’:

    intersect

Loading required package: iterators
Loading required package: parallel
MCF7 
STARTING
1 
2 

Done!
Combining coefficients and standard errors
Calculating log-fold changes
Calculating likelihood ratio tests
Refitting on reduced model...

Done!
Combining coefficients and standard errors
Calculating log-fold changes
Calculating likelihood ratio tests
Refitting on reduced model...

Done!
3 

Done!
Combining coefficients and standard errors
Calculating log-fold changes
Calculating likelihood ratio tests
Refitting on reduced model...

Done!
5 
slurmstepd: error: *** JOB 21739659 ON cn2421 CANCELLED AT 2024-03-13T11:12:43 ***
