[+] Loading gcc  11.3.0  ... 
[+] Loading HDF5  1.12.2 
[+] Loading netcdf  4.9.0 
[-] Unloading gcc  11.3.0  ... 
[+] Loading gcc  11.3.0  ... 
[+] Loading openmpi/4.1.3/gcc-11.3.0  ... 
[+] Loading pandoc  2.18  on cn0990 
[+] Loading pcre2  10.40 
[+] Loading R 4.3.2 
── Attaching core tidyverse packages ──────────────────────── tidyverse 2.0.0 ──
✔ dplyr     1.1.4     ✔ readr     2.1.5
✔ forcats   1.0.0     ✔ stringr   1.5.1
✔ ggplot2   3.4.4     ✔ tibble    3.2.1
✔ lubridate 1.9.3     ✔ tidyr     1.3.0
✔ purrr     1.0.2     
── Conflicts ────────────────────────────────────────── tidyverse_conflicts() ──
✖ dplyr::filter() masks stats::filter()
✖ dplyr::lag()    masks stats::lag()
ℹ Use the conflicted package (<http://conflicted.r-lib.org/>) to force all conflicts to become errors
Loading required package: SeuratObject
Loading required package: sp

Attaching package: ‘SeuratObject’

The following object is masked from ‘package:base’:

    intersect

The number of cells in your dataset exceeds 3,000. CytoTRACE will now be run in fast mode (see documentation). You can multi-thread this run using the 'ncores' flag. To disable fast mode, please indicate 'enableFast = FALSE'.
CytoTRACE will be run on 146 sub-sample(s) of approximately 1003 cells each using 30 / 30 core(s)
Pre-processing data and generating similarity matrix...
list 
List of 1
 $ 0:List of 3
  ..$ mat2  : num [1:18796, 1:1002] 0 0 0 0 0 0 0 0 0 0 ...
  .. ..- attr(*, "dimnames")=List of 2
  .. .. ..$ : chr [1:18796] "TSPAN6" "DPM1" "SCYL3" "C1orf112" ...
  .. .. ..$ : chr [1:1002] "A01_E09_RT_BC_191_Lig_BC_315" "A01_E09_RT_BC_218_Lig_BC_254" "A01_E09_RT_BC_230_Lig_BC_136" "A01_E09_RT_BC_310_Lig_BC_55" ...
  ..$ counts: Named int [1:1002] 822 1134 548 1354 757 403 651 1070 1232 655 ...
  .. ..- attr(*, "names")= chr [1:1002] "A01_E09_RT_BC_191_Lig_BC_315" "A01_E09_RT_BC_218_Lig_BC_254" "A01_E09_RT_BC_230_Lig_BC_136" "A01_E09_RT_BC_310_Lig_BC_55" ...
  ..$ D     : num [1:1002, 1:1002] 0 0 0 0 0 ...
  .. ..- attr(*, "dimnames")=List of 2
  .. .. ..$ : chr [1:1002] "A01_E09_RT_BC_191_Lig_BC_315" "A01_E09_RT_BC_218_Lig_BC_254" "A01_E09_RT_BC_230_Lig_BC_136" "A01_E09_RT_BC_310_Lig_BC_55" ...
  .. .. ..$ : chr [1:1002] "A01_E09_RT_BC_191_Lig_BC_315" "A01_E09_RT_BC_218_Lig_BC_254" "A01_E09_RT_BC_230_Lig_BC_136" "A01_E09_RT_BC_310_Lig_BC_55" ...
Calculating gene counts signature...
Smoothing values with NNLS regression and diffusion...
Calculating genes associated with CytoTRACE...
Done
Warning message:
In asMethod(object) :
  sparse->dense coercion: allocating vector of size 20.5 GiB
