[+] Loading gcc  11.3.0  ... 
[+] Loading HDF5  1.12.2 
[+] Loading netcdf  4.9.0 
[-] Unloading gcc  11.3.0  ... 
[+] Loading gcc  11.3.0  ... 
[+] Loading openmpi/4.1.3/gcc-11.3.0  ... 
[+] Loading pandoc  2.18  on cn4307 
[+] Loading pcre2  10.40 
[+] Loading R 4.3.2 
Loading required package: SeuratObject
Loading required package: sp

Attaching package: ‘SeuratObject’

The following object is masked from ‘package:base’:

    intersect

The number of cells in your dataset exceeds 3,000. CytoTRACE will now be run in fast mode (see documentation). You can multi-thread this run using the 'ncores' flag. To disable fast mode, please indicate 'enableFast = FALSE'.
CytoTRACE will be run on 143 sub-sample(s) of approximately 1000 cells each using 30 / 30 core(s)
Pre-processing data and generating similarity matrix...
list 
List of 1
 $ 0:List of 3
  ..$ mat2  : num [1:18842, 1:999] 0 0 0 0 0 ...
  .. ..- attr(*, "dimnames")=List of 2
  .. .. ..$ : chr [1:18842] "TSPAN6" "DPM1" "SCYL3" "C1orf112" ...
  .. .. ..$ : chr [1:999] "A01_E09_RT_BC_173_Lig_BC_291" "A01_E09_RT_BC_251_Lig_BC_232" "A01_E09_RT_BC_287_Lig_BC_129" "A01_F10_RT_BC_104_Lig_BC_91" ...
  ..$ counts: Named int [1:999] 672 521 519 1372 608 777 797 501 2814 356 ...
  .. ..- attr(*, "names")= chr [1:999] "A01_E09_RT_BC_173_Lig_BC_291" "A01_E09_RT_BC_251_Lig_BC_232" "A01_E09_RT_BC_287_Lig_BC_129" "A01_F10_RT_BC_104_Lig_BC_91" ...
  ..$ D     : num [1:999, 1:999] 0 0 0 0 0 ...
  .. ..- attr(*, "dimnames")=List of 2
  .. .. ..$ : chr [1:999] "A01_E09_RT_BC_173_Lig_BC_291" "A01_E09_RT_BC_251_Lig_BC_232" "A01_E09_RT_BC_287_Lig_BC_129" "A01_F10_RT_BC_104_Lig_BC_91" ...
  .. .. ..$ : chr [1:999] "A01_E09_RT_BC_173_Lig_BC_291" "A01_E09_RT_BC_251_Lig_BC_232" "A01_E09_RT_BC_287_Lig_BC_129" "A01_F10_RT_BC_104_Lig_BC_91" ...
Calculating gene counts signature...
Smoothing values with NNLS regression and diffusion...
Calculating genes associated with CytoTRACE...
Done
Warning message:
In asMethod(object) :
  sparse->dense coercion: allocating vector of size 20.1 GiB
