[+] Loading gcc  11.3.0  ... 
[+] Loading HDF5  1.12.2 
[+] Loading netcdf  4.9.0 
[-] Unloading gcc  11.3.0  ... 
[+] Loading gcc  11.3.0  ... 
[+] Loading openmpi/4.1.3/gcc-11.3.0  ... 
[+] Loading pandoc  2.18  on cn2427 
[+] Loading pcre2  10.40 
[+] Loading R 4.3.2 
[INFO] Please allocate lscratch for batch/sinteractive R jobs
Loading required package: Rcpp
Loading required package: data.table
Loading required package: SeuratObject
Loading required package: sp

Attaching package: ‘SeuratObject’

The following object is masked from ‘package:base’:

    intersect

── Attaching core tidyverse packages ──────────────────────── tidyverse 2.0.0 ──
✔ dplyr     1.1.4     ✔ readr     2.1.5
✔ forcats   1.0.0     ✔ stringr   1.5.1
✔ ggplot2   3.4.4     ✔ tibble    3.2.1
✔ lubridate 1.9.3     ✔ tidyr     1.3.1
✔ purrr     1.0.2     
── Conflicts ────────────────────────────────────────── tidyverse_conflicts() ──
✖ dplyr::between()     masks data.table::between()
✖ dplyr::filter()      masks stats::filter()
✖ dplyr::first()       masks data.table::first()
✖ lubridate::hour()    masks data.table::hour()
✖ lubridate::isoweek() masks data.table::isoweek()
✖ dplyr::lag()         masks stats::lag()
✖ dplyr::last()        masks data.table::last()
✖ lubridate::mday()    masks data.table::mday()
✖ lubridate::minute()  masks data.table::minute()
✖ lubridate::month()   masks data.table::month()
✖ lubridate::quarter() masks data.table::quarter()
✖ lubridate::second()  masks data.table::second()
✖ purrr::transpose()   masks data.table::transpose()
✖ lubridate::wday()    masks data.table::wday()
✖ lubridate::week()    masks data.table::week()
✖ lubridate::yday()    masks data.table::yday()
✖ lubridate::year()    masks data.table::year()
ℹ Use the conflicted package (<http://conflicted.r-lib.org/>) to force all conflicts to become errors
A549 
Warning: The following features are not present in the object: MLF1IP, not searching for symbol synonyms
Warning: The following features are not present in the object: FAM64A, HN1, not searching for symbol synonyms
K562 
Warning: The following features are not present in the object: MLF1IP, not searching for symbol synonyms
Warning: The following features are not present in the object: FAM64A, HN1, not searching for symbol synonyms
MCF7 
Warning: The following features are not present in the object: MLF1IP, not searching for symbol synonyms
Warning: The following features are not present in the object: FAM64A, HN1, not searching for symbol synonyms
K562 
Calculating cluster 1

Done!
Combining coefficients and standard errors
Calculating log-fold changes
Calculating likelihood ratio tests
Refitting on reduced model...

Done!
Calculating cluster 2

Done!
Combining coefficients and standard errors
Calculating log-fold changes
Calculating likelihood ratio tests
Refitting on reduced model...

Done!
Calculating cluster 3

Done!
Combining coefficients and standard errors
Calculating log-fold changes
Calculating likelihood ratio tests
Refitting on reduced model...

Done!
Calculating cluster 4

Done!
Combining coefficients and standard errors
Calculating log-fold changes
Calculating likelihood ratio tests
Refitting on reduced model...

Done!
Calculating cluster 5

Done!
Combining coefficients and standard errors
Calculating log-fold changes
Calculating likelihood ratio tests
Refitting on reduced model...

Done!
Calculating cluster 6

Done!
Combining coefficients and standard errors
Calculating log-fold changes
Calculating likelihood ratio tests
Refitting on reduced model...
slurmstepd: error: *** JOB 21673452 ON cn2427 CANCELLED AT 2024-03-12T11:17:17 ***
