[+] Loading gcc  11.3.0  ... 
[+] Loading HDF5  1.12.2 
[+] Loading netcdf  4.9.0 
[-] Unloading gcc  11.3.0  ... 
[+] Loading gcc  11.3.0  ... 
[+] Loading openmpi/4.1.3/gcc-11.3.0  ... 
[+] Loading pandoc  2.18  on cn2441 
[+] Loading pcre2  10.40 
[+] Loading R 4.3.2 
── Attaching core tidyverse packages ──────────────────────── tidyverse 2.0.0 ──
✔ dplyr     1.1.4     ✔ readr     2.1.5
✔ forcats   1.0.0     ✔ stringr   1.5.1
✔ ggplot2   3.4.4     ✔ tibble    3.2.1
✔ lubridate 1.9.3     ✔ tidyr     1.3.0
✔ purrr     1.0.2     
── Conflicts ────────────────────────────────────────── tidyverse_conflicts() ──
✖ dplyr::filter() masks stats::filter()
✖ dplyr::lag()    masks stats::lag()
ℹ Use the conflicted package (<http://conflicted.r-lib.org/>) to force all conflicts to become errors
Loading required package: SeuratObject
Loading required package: sp

Attaching package: ‘SeuratObject’

The following object is masked from ‘package:base’:

    intersect

The number of cells in your dataset exceeds 3,000. CytoTRACE will now be run in fast mode (see documentation). You can multi-thread this run using the 'ncores' flag. To disable fast mode, please indicate 'enableFast = FALSE'.
CytoTRACE will be run on 292 sub-sample(s) of approximately 1000 cells each using 30 / 30 core(s)
Pre-processing data and generating similarity matrix...
Error in mcfork() : 
  unable to fork, possible reason: Cannot allocate memory
Calls: CytoTRACE -> <Anonymous> -> lapply -> FUN -> mcfork
In addition: Warning message:
In asMethod(object) :
  sparse->dense coercion: allocating vector of size 55.2 GiB
Execution halted
Error while shutting down parallel: unable to terminate some child processes
