[-] Unloading gcc  11.3.0  ... 
[-] Unloading HDF5  1.12.2 
[-] Unloading netcdf  4.9.0 
[-] Unloading openmpi/4.1.3/gcc-11.3.0  ... 
[-] Unloading pandoc  2.18  on cn4319 
[-] Unloading R 4.3.2 
[+] Loading gcc  11.3.0  ... 
[+] Loading HDF5  1.12.2 
[+] Loading netcdf  4.9.0 
[-] Unloading gcc  11.3.0  ... 
[+] Loading gcc  11.3.0  ... 
[+] Loading openmpi/4.1.3/gcc-11.3.0  ... 
[+] Loading pandoc  2.18  on cn4319 
[+] Loading R 4.2.2 
Lmod has detected the following error:

This module requires allocation of /lscratch. Please see

   https://hpc.nih.gov/docs/userguide.html#local

or contact staff@hpc.nih.gov for more information.

While processing the following module(s):
    Module fullname               Module Filename
    ---------------               ---------------
    rstudio-server/2023.06.0-421  /usr/local/lmod/modulefiles/rstudio-server/2023.06.0-421.lua

[INFO] Please allocate lscratch for batch/sinteractive R jobs
Loading required package: grid
========================================
ComplexHeatmap version 2.18.0
Bioconductor page: http://bioconductor.org/packages/ComplexHeatmap/
Github page: https://github.com/jokergoo/ComplexHeatmap
Documentation: http://jokergoo.github.io/ComplexHeatmap-reference

If you use it in published research, please cite either one:
- Gu, Z. Complex Heatmap Visualization. iMeta 2022.
- Gu, Z. Complex heatmaps reveal patterns and correlations in multidimensional 
    genomic data. Bioinformatics 2016.


The new InteractiveComplexHeatmap package can directly export static 
complex heatmaps into an interactive Shiny app with zero effort. Have a try!

This message can be suppressed by:
  suppressPackageStartupMessages(library(ComplexHeatmap))
========================================

Loading required package: SeuratObject
Loading required package: sp

Attaching package: ‘SeuratObject’

The following object is masked from ‘package:base’:

    intersect

========================================
circlize version 0.4.15
CRAN page: https://cran.r-project.org/package=circlize
Github page: https://github.com/jokergoo/circlize
Documentation: https://jokergoo.github.io/circlize_book/book/

If you use it in published research, please cite:
Gu, Z. circlize implements and enhances circular visualization
  in R. Bioinformatics 2014.

This message can be suppressed by:
  suppressPackageStartupMessages(library(circlize))
========================================

── Attaching core tidyverse packages ──────────────────────── tidyverse 2.0.0 ──
✔ dplyr     1.1.4     ✔ readr     2.1.5
✔ forcats   1.0.0     ✔ stringr   1.5.1
✔ ggplot2   3.4.4     ✔ tibble    3.2.1
✔ lubridate 1.9.3     ✔ tidyr     1.3.0
✔ purrr     1.0.2     
── Conflicts ────────────────────────────────────────── tidyverse_conflicts() ──
✖ dplyr::filter() masks stats::filter()
✖ dplyr::lag()    masks stats::lag()
ℹ Use the conflicted package (<http://conflicted.r-lib.org/>) to force all conflicts to become errors
hallmarks_without_resistance 
1_0 
2_0 
7_0 
10_0 
3_0 
4_2 
5_0 
12_1 
14_2 
6_0 
9_2 
8_0 
15_0 
12_2 
18_2 
11_0 
4_1 
16_2 
17_0 
13_2 
13_1 
14_1 
16_1 
9_1 
18_1 
19_2 
19_1 
hallmarks 
0 
1 
2 
3 
4 
5 
6 
7 
8 
9 
10 
11 
hallmarks_without_resistance 
1_0 
2_0 
4_2 
3_0 
11_2 
7_0 
5_2 
11_1 
6_0 
10_0 
8_0 
9_2 
12_0 
9_1 
4_1 
5_1 
hallmarks 
0 
1 
2 
3 
4 
5 
6 
7 
8 
9 
10 
11 
hallmarks_without_resistance 
11_0 
2_0 
13_2 
1_0 
14_0 
6_0 
3_0 
10_0 
4_0 
9_0 
5_2 
7_0 
8_2 
12_2 
12_1 
5_1 
18_0 
16_0 
17_2 
15_0 
8_1 
13_1 
17_1 
hallmarks 
0 
1 
2 
3 
4 
5 
6 
7 
8 
9 
10 
11 
null device 
          1 
[INFO] Please allocate lscratch for batch/sinteractive R jobs
Loading required package: grid
========================================
ComplexHeatmap version 2.18.0
Bioconductor page: http://bioconductor.org/packages/ComplexHeatmap/
Github page: https://github.com/jokergoo/ComplexHeatmap
Documentation: http://jokergoo.github.io/ComplexHeatmap-reference

If you use it in published research, please cite either one:
- Gu, Z. Complex Heatmap Visualization. iMeta 2022.
- Gu, Z. Complex heatmaps reveal patterns and correlations in multidimensional 
    genomic data. Bioinformatics 2016.


The new InteractiveComplexHeatmap package can directly export static 
complex heatmaps into an interactive Shiny app with zero effort. Have a try!

This message can be suppressed by:
  suppressPackageStartupMessages(library(ComplexHeatmap))
========================================

Loading required package: SeuratObject
Loading required package: sp

Attaching package: ‘SeuratObject’

The following object is masked from ‘package:base’:

    intersect

========================================
circlize version 0.4.15
CRAN page: https://cran.r-project.org/package=circlize
Github page: https://github.com/jokergoo/circlize
Documentation: https://jokergoo.github.io/circlize_book/book/

If you use it in published research, please cite:
Gu, Z. circlize implements and enhances circular visualization
  in R. Bioinformatics 2014.

This message can be suppressed by:
  suppressPackageStartupMessages(library(circlize))
========================================

── Attaching core tidyverse packages ──────────────────────── tidyverse 2.0.0 ──
✔ dplyr     1.1.4     ✔ readr     2.1.5
✔ forcats   1.0.0     ✔ stringr   1.5.1
✔ ggplot2   3.4.4     ✔ tibble    3.2.1
✔ lubridate 1.9.3     ✔ tidyr     1.3.0
✔ purrr     1.0.2     
── Conflicts ────────────────────────────────────────── tidyverse_conflicts() ──
✖ dplyr::filter() masks stats::filter()
✖ dplyr::lag()    masks stats::lag()
ℹ Use the conflicted package (<http://conflicted.r-lib.org/>) to force all conflicts to become errors
MPs_without_resistance 
1_0 
2_0 
7_0 
10_0 
3_0 
4_2 
5_0 
12_1 
14_2 
6_0 
9_2 
8_0 
15_0 
12_2 
18_2 
11_0 
4_1 
16_2 
17_0 
13_2 
13_1 
14_1 
16_1 
9_1 
18_1 
19_2 
19_1 
ITH_meta_programs 
0 
1 
2 
3 
4 
5 
6 
7 
8 
9 
10 
11 
MPs_without_resistance 
1_0 
2_0 
4_2 
3_0 
11_2 
7_0 
5_2 
11_1 
6_0 
10_0 
8_0 
9_2 
12_0 
9_1 
4_1 
5_1 
ITH_meta_programs 
0 
1 
2 
3 
4 
5 
6 
7 
8 
9 
10 
11 
MPs_without_resistance 
11_0 
2_0 
13_2 
1_0 
14_0 
6_0 
3_0 
10_0 
4_0 
9_0 
5_2 
7_0 
8_2 
12_2 
12_1 
5_1 
18_0 
16_0 
17_2 
15_0 
8_1 
13_1 
17_1 
ITH_meta_programs 
0 
1 
2 
3 
4 
5 
6 
7 
8 
9 
10 
11 
null device 
          1 
