[2025-05-10 19:11:17] [INFO]    [OmnipathR] Welcome to OmnipathR!
[2025-05-10 19:11:17] [INFO]    [OmnipathR] OmnipathR version: 3.14.0
[2025-05-10 19:11:17] [TRACE]   [OmnipathR] Reading JSON from `/spin1/home/linux/ruoffcj/.cache/OmnipathR/cache.json` (encoding: UTF-8).
[2025-05-10 19:11:17] [TRACE]   [OmnipathR] JSON validation successful: TRUE
[2025-05-10 19:11:17] [INFO]    [OmnipathR] Initialized cache: `/spin1/home/linux/ruoffcj/.cache/OmnipathR`.
[2025-05-10 19:11:17] [TRACE]   [OmnipathR] Reading JSON from `/gpfs/gsfs12/users/ruoffcj/R/rhel8/4.4/OmnipathR/db/db_def.json` (encoding: UTF-8).
[2025-05-10 19:11:17] [TRACE]   [OmnipathR] JSON validation successful: TRUE
[2025-05-10 19:11:17] [TRACE]   [OmnipathR] Reading JSON from `/gpfs/gsfs12/users/ruoffcj/R/rhel8/4.4/OmnipathR/internal/magic_bytes.json` (encoding: UTF-8).
[2025-05-10 19:11:17] [TRACE]   [OmnipathR] JSON validation successful: TRUE
[2025-05-10 19:11:17] [TRACE]   [OmnipathR] Reading JSON from `/gpfs/gsfs12/users/ruoffcj/R/rhel8/4.4/OmnipathR/internal/urls.json` (encoding: UTF-8).
[2025-05-10 19:11:17] [TRACE]   [OmnipathR] JSON validation successful: TRUE
[2025-05-10 19:11:17] [TRACE]   [OmnipathR] Reading JSON from `/gpfs/gsfs12/users/ruoffcj/R/rhel8/4.4/OmnipathR/internal/id_types.json` (encoding: UTF-8).
[2025-05-10 19:11:17] [TRACE]   [OmnipathR] JSON validation successful: TRUE
[2025-05-10 19:11:36] [INFO]    [OmnipathR] Welcome to OmnipathR!
[2025-05-10 19:11:36] [INFO]    [OmnipathR] OmnipathR version: 3.14.0
[2025-05-10 19:11:36] [TRACE]   [OmnipathR] Reading JSON from `/spin1/home/linux/ruoffcj/.cache/OmnipathR/cache.json` (encoding: UTF-8).
[2025-05-10 19:11:36] [TRACE]   [OmnipathR] JSON validation successful: TRUE
[2025-05-10 19:11:36] [INFO]    [OmnipathR] Initialized cache: `/spin1/home/linux/ruoffcj/.cache/OmnipathR`.
[2025-05-10 19:11:36] [TRACE]   [OmnipathR] Reading JSON from `/gpfs/gsfs12/users/ruoffcj/R/rhel8/4.4/OmnipathR/db/db_def.json` (encoding: UTF-8).
[2025-05-10 19:11:36] [TRACE]   [OmnipathR] JSON validation successful: TRUE
[2025-05-10 19:11:36] [TRACE]   [OmnipathR] Reading JSON from `/gpfs/gsfs12/users/ruoffcj/R/rhel8/4.4/OmnipathR/internal/magic_bytes.json` (encoding: UTF-8).
[2025-05-10 19:11:36] [TRACE]   [OmnipathR] JSON validation successful: TRUE
[2025-05-10 19:11:36] [TRACE]   [OmnipathR] Reading JSON from `/gpfs/gsfs12/users/ruoffcj/R/rhel8/4.4/OmnipathR/internal/urls.json` (encoding: UTF-8).
[2025-05-10 19:11:36] [TRACE]   [OmnipathR] JSON validation successful: TRUE
[2025-05-10 19:11:36] [TRACE]   [OmnipathR] Reading JSON from `/gpfs/gsfs12/users/ruoffcj/R/rhel8/4.4/OmnipathR/internal/id_types.json` (encoding: UTF-8).
[2025-05-10 19:11:36] [TRACE]   [OmnipathR] JSON validation successful: TRUE
